[INFO: dataset.py:  134]: train dataset loaded in  0.000 s.
Dataset length: 4.
[INFO: dataset.py:  134]: train dataset loaded in  0.000 s.
Dataset length: 4.
[INFO: dataset.py:  134]: train dataset loaded in  0.000 s.
Dataset length: 4.
[INFO: dataset.py:  134]: train dataset loaded in  0.000 s.
Dataset length: 4.
[INFO: dataset.py:  134]: train dataset loaded in  0.000 s.
Dataset length: 4.
[INFO: dataset.py:  134]: train dataset loaded in  0.000 s.
Dataset length: 4.
[INFO: dataset.py:  134]: train dataset loaded in  0.000 s.
Dataset length: 4.
[INFO: dataset.py:  134]: train dataset loaded in  0.000 s.
Dataset length: 4.
[INFO: dataset.py:  134]: train dataset loaded in  0.000 s.
Dataset length: 4.
[INFO: dataset.py:  143]: train dataset loaded in  0.000 s.
Dataset length: 4.
[INFO: dataset.py:  143]: train dataset loaded in  0.000 s.
Dataset length: 4.
[INFO: dataset.py:  150]: train dataset loaded in  0.000 s.
Dataset length: 4.
[INFO: dataset.py:  150]: train dataset loaded in  0.000 s.
Dataset length: 4.
[INFO: dataset.py:  150]: train dataset loaded in  0.000 s.
Dataset length: 4.
[INFO: dataset.py:  153]: train dataset loaded in  0.000 s.
Dataset length: 4.
[INFO: dataset.py:  153]: train dataset loaded in  0.000 s.
Dataset length: 4.
[INFO: dataset.py:  153]: train dataset loaded in  0.000 s.
Dataset length: 4.
[INFO: dataset.py:  152]: train dataset loaded in  0.000 s.
Dataset length: 4.
[INFO: dataset.py:  165]: train dataset loaded in  0.000 s.
Dataset length: 4.
[INFO: dataset.py:  165]: train dataset loaded in  0.000 s.
Dataset length: 4.
[INFO: dataset.py:  173]: train dataset loaded in  0.000 s.
Dataset length: 4.
[INFO: dataset.py:  173]: train dataset loaded in  0.000 s.
Dataset length: 4.
[INFO: dataset.py:  173]: train dataset loaded in  0.000 s.
Dataset length: 4.
[INFO: dataset.py:  175]: train dataset loaded in  0.000 s.
Dataset length: 4.
[INFO: dataset.py:  167]: train dataset loaded in  0.000 s.
Dataset length: 4.
[INFO: dataset.py:  142]: train dataset loaded in  0.000 s.
Dataset length: 4.
[INFO: dataset.py:  142]: train dataset loaded in  0.000 s.
Dataset length: 4.
[INFO: dataset.py:  142]: train dataset loaded in  0.000 s.
Dataset length: 4.
[INFO: dataset.py:  142]: train dataset loaded in  0.000 s.
Dataset length: 4.
[INFO: dataset.py:  142]: train dataset loaded in  0.000 s.
Dataset length: 4.
[INFO: dataset.py:  142]: train dataset loaded in  0.000 s.
Dataset length: 4.
[INFO: dataset.py:  142]: train dataset loaded in  0.000 s.
Dataset length: 4.
[INFO: dataset.py:  142]: train dataset loaded in  0.000 s.
Dataset length: 4.
[INFO: dataset.py:  142]: train dataset loaded in  0.000 s.
Dataset length: 4.
[INFO: dataset.py:  150]: train dataset loaded in  0.000 s.
Dataset length: 4.
[INFO: dataset.py:  150]: train dataset loaded in  0.000 s.
Dataset length: 4.
[INFO: dataset.py:  143]: train dataset loaded in  0.000 s.
Dataset length: 4.
[INFO: dataset.py:  142]: train dataset loaded in  0.000 s.
Dataset length: 4.
[INFO: dataset.py:  142]: train dataset loaded in  0.000 s.
Dataset length: 4.
[INFO: dataset.py:  142]: val dataset loaded in  0.000 s.
Dataset length: 4.
[INFO: dataset.py:  142]: val dataset loaded in  0.000 s.
Dataset length: 4.
[INFO: dataset.py:  278]: val dataset loaded in  0.000 s.
Dataset length: 4.
[INFO: dataset.py:  141]: train dataset loaded in  0.000 s.
Dataset length: 4.
[INFO: dataset.py:  141]: train dataset loaded in  0.000 s.
Dataset length: 4.
[INFO: dataset.py:  140]: train dataset loaded in  0.000 s.
Dataset length: 4.
[INFO: dataset.py:  140]: train dataset loaded in  0.000 s.
Dataset length: 4.
[INFO: dataset.py:  140]: train dataset loaded in  0.000 s.
Dataset length: 4.
[INFO: dataset.py:  140]: train dataset loaded in  0.000 s.
Dataset length: 4.
[INFO: dataset.py:  140]: train dataset loaded in  0.000 s.
Dataset length: 4.
[INFO: dataset.py:  140]: train dataset loaded in  0.000 s.
Dataset length: 4.
[INFO: dataset.py:  140]: train dataset loaded in  0.000 s.
Dataset length: 4.
[INFO: dataset.py:  140]: train dataset loaded in  0.000 s.
Dataset length: 4.
[INFO: dataset.py:  140]: train dataset loaded in  0.000 s.
Dataset length: 4.
[INFO: dataset.py:  140]: train dataset loaded in  0.000 s.
Dataset length: 4.
[INFO: dataset.py:  140]: train dataset loaded in  0.000 s.
Dataset length: 4.
[INFO: dataset.py:  140]: train dataset loaded in  0.000 s.
Dataset length: 4.
[INFO: dataset.py:  140]: train dataset loaded in  0.000 s.
Dataset length: 4.
[INFO: dataset.py:  140]: train dataset loaded in  0.000 s.
Dataset length: 4.
[INFO: dataset.py:  140]: train dataset loaded in  0.000 s.
Dataset length: 4.
[INFO: dataset.py:  140]: train dataset loaded in  0.000 s.
Dataset length: 4.
[INFO: dataset.py:  140]: train dataset loaded in  0.000 s.
Dataset length: 4.
[INFO: dataset.py:  140]: train dataset loaded in  0.000 s.
Dataset length: 4.
[INFO: dataset.py:  140]: train dataset loaded in  0.000 s.
Dataset length: 4.
[INFO: dataset.py:  140]: train dataset loaded in  0.000 s.
Dataset length: 4.
[INFO: dataset.py:  142]: train dataset loaded in  0.000 s.
Dataset length: 180.
[INFO: dataset.py:  142]: train dataset loaded in  0.000 s.
Dataset length: 180.
[INFO: dataset.py:  142]: train dataset loaded in  0.000 s.
Dataset length: 180.
[INFO: dataset.py:  142]: train dataset loaded in  0.000 s.
Dataset length: 180.
[INFO: dataset.py:  142]: train dataset loaded in  0.000 s.
Dataset length: 180.
[INFO: dataset.py:  142]: train dataset loaded in  0.000 s.
Dataset length: 180.
[INFO: dataset.py:  142]: train dataset loaded in  0.000 s.
Dataset length: 180.
[INFO: dataset.py:  142]: train dataset loaded in  0.000 s.
Dataset length: 180.
[INFO: dataset.py:  142]: train dataset loaded in  0.000 s.
Dataset length: 180.
[INFO: dataset.py:  297]: eval dataset loaded in  0.000 s.
Dataset length: 180.
[INFO: dataset.py:  142]: train dataset loaded in  0.000 s.
Dataset length: 180.
[INFO: dataset.py:  297]: eval dataset loaded in  0.000 s.
Dataset length: 180.
[INFO: dataset.py:  142]: train dataset loaded in  0.000 s.
Dataset length: 180.
[INFO: dataset.py:  297]: eval dataset loaded in  0.000 s.
Dataset length: 180.
[INFO: dataset.py:  142]: train dataset loaded in  0.000 s.
Dataset length: 180.
[INFO: dataset.py:  297]: eval dataset loaded in  0.000 s.
Dataset length: 180.
[INFO: dataset.py:  142]: train dataset loaded in  0.000 s.
Dataset length: 180.
[INFO: dataset.py:  297]: eval dataset loaded in  0.000 s.
Dataset length: 180.
[INFO: dataset.py:  142]: train dataset loaded in  0.000 s.
Dataset length: 180.
[INFO: dataset.py:  297]: eval dataset loaded in  0.000 s.
Dataset length: 180.
[INFO: dataset.py:  142]: train dataset loaded in  0.000 s.
Dataset length: 180.
[INFO: dataset.py:  297]: eval dataset loaded in  0.000 s.
Dataset length: 180.
[INFO: dataset.py:  142]: train dataset loaded in  0.000 s.
Dataset length: 180.
[INFO: dataset.py:  297]: eval dataset loaded in  0.000 s.
Dataset length: 180.
[INFO: dataset.py:  142]: train dataset loaded in  0.000 s.
Dataset length: 180.
[INFO: dataset.py:  298]: eval dataset loaded in  0.000 s.
Dataset length: 180.
[INFO: dataset.py:  142]: train dataset loaded in  0.000 s.
Dataset length: 180.
[INFO: dataset.py:  298]: eval dataset loaded in  0.000 s.
Dataset length: 180.
[INFO: dataset.py:  142]: train dataset loaded in  0.000 s.
Dataset length: 180.
[INFO: dataset.py:  142]: train dataset loaded in  0.000 s.
Dataset length: 180.
[INFO: dataset.py:  298]: eval dataset loaded in  0.000 s.
Dataset length: 180.
[INFO: dataset.py:  142]: train dataset loaded in  0.000 s.
Dataset length: 180.
[INFO: dataset.py:  298]: eval dataset loaded in  0.000 s.
Dataset length: 180.
[INFO: dataset.py:  142]: train dataset loaded in  0.000 s.
Dataset length: 180.
[INFO: dataset.py:  298]: eval dataset loaded in  0.000 s.
Dataset length: 180.
[INFO: dataset.py:  142]: train dataset loaded in  0.000 s.
Dataset length: 180.
[INFO: dataset.py:  298]: eval dataset loaded in  0.000 s.
Dataset length: 180.
[INFO: dataset.py:  142]: train dataset loaded in  0.000 s.
Dataset length: 180.
[INFO: dataset.py:  298]: eval dataset loaded in  0.000 s.
Dataset length: 180.
[INFO: dataset.py:  142]: train dataset loaded in  0.000 s.
Dataset length: 180.
[INFO: dataset.py:  298]: eval dataset loaded in  0.000 s.
Dataset length: 180.
[INFO: dataset.py:  142]: train dataset loaded in  0.000 s.
Dataset length: 180.
[INFO: dataset.py:  298]: eval dataset loaded in  0.000 s.
Dataset length: 180.
[INFO: dataset.py:  142]: train dataset loaded in  0.000 s.
Dataset length: 180.
[INFO: dataset.py:  298]: eval dataset loaded in  0.000 s.
Dataset length: 180.
[INFO: dataset.py:  142]: train dataset loaded in  0.000 s.
Dataset length: 180.
[INFO: dataset.py:  298]: eval dataset loaded in  0.000 s.
Dataset length: 180.
[INFO: dataset.py:  142]: train dataset loaded in  0.000 s.
Dataset length: 180.
[INFO: dataset.py:  142]: train dataset loaded in  0.000 s.
Dataset length: 180.
[INFO: dataset.py:  298]: eval dataset loaded in  0.000 s.
Dataset length: 180.
[INFO: dataset.py:  142]: train dataset loaded in  0.000 s.
Dataset length: 180.
[INFO: dataset.py:  298]: eval dataset loaded in  0.000 s.
Dataset length: 180.
[INFO: dataset.py:  142]: train dataset loaded in  0.000 s.
Dataset length: 180.
[INFO: dataset.py:  298]: eval dataset loaded in  0.000 s.
Dataset length: 180.
[INFO: dataset.py:  142]: train dataset loaded in  0.000 s.
Dataset length: 180.
[INFO: dataset.py:  298]: eval dataset loaded in  0.000 s.
Dataset length: 180.
[INFO: dataset.py:  142]: train dataset loaded in  0.000 s.
Dataset length: 180.
[INFO: dataset.py:  298]: eval dataset loaded in  0.000 s.
Dataset length: 180.
[INFO: dataset.py:  142]: train dataset loaded in  0.000 s.
Dataset length: 180.
[INFO: dataset.py:  298]: eval dataset loaded in  0.000 s.
Dataset length: 180.
[INFO: dataset.py:  142]: train dataset loaded in  0.000 s.
Dataset length: 180.
[INFO: dataset.py:  298]: eval dataset loaded in  0.000 s.
Dataset length: 180.
[INFO: dataset.py:  142]: train dataset loaded in  0.000 s.
Dataset length: 180.
[INFO: dataset.py:  298]: eval dataset loaded in  0.000 s.
Dataset length: 180.
[INFO: dataset.py:  142]: train dataset loaded in  0.000 s.
Dataset length: 180.
[INFO: dataset.py:  298]: eval dataset loaded in  0.000 s.
Dataset length: 180.
[INFO: dataset.py:  142]: train dataset loaded in  0.000 s.
Dataset length: 180.
[INFO: dataset.py:  298]: eval dataset loaded in  0.000 s.
Dataset length: 180.
[INFO: dataset.py:  142]: train dataset loaded in  0.000 s.
Dataset length: 180.
[INFO: dataset.py:  298]: eval dataset loaded in  0.000 s.
Dataset length: 180.
[INFO: dataset.py:  142]: train dataset loaded in  0.000 s.
Dataset length: 180.
[INFO: dataset.py:  298]: eval dataset loaded in  0.000 s.
Dataset length: 180.
[INFO: dataset.py:  142]: train dataset loaded in  0.000 s.
Dataset length: 180.
[INFO: dataset.py:  298]: eval dataset loaded in  0.000 s.
Dataset length: 180.
[INFO: dataset.py:  142]: train dataset loaded in  0.000 s.
Dataset length: 180.
[INFO: dataset.py:  298]: eval dataset loaded in  0.000 s.
Dataset length: 180.
[INFO: dataset.py:  142]: train dataset loaded in  0.000 s.
Dataset length: 180.
[INFO: dataset.py:  298]: eval dataset loaded in  0.000 s.
Dataset length: 180.
[INFO: dataset.py:  142]: train dataset loaded in  0.000 s.
Dataset length: 180.
[INFO: dataset.py:  298]: eval dataset loaded in  0.000 s.
Dataset length: 180.
[INFO: dataset.py:  142]: train dataset loaded in  0.000 s.
Dataset length: 180.
[INFO: dataset.py:  298]: eval dataset loaded in  0.000 s.
Dataset length: 180.
[INFO: dataset.py:  142]: train dataset loaded in  0.000 s.
Dataset length: 180.
[INFO: dataset.py:  298]: eval dataset loaded in  0.000 s.
Dataset length: 180.
[INFO: dataset.py:  142]: train dataset loaded in  0.000 s.
Dataset length: 180.
[INFO: dataset.py:  298]: eval dataset loaded in  0.000 s.
Dataset length: 180.
[INFO: dataset.py:  142]: train dataset loaded in  0.000 s.
Dataset length: 180.
[INFO: dataset.py:  298]: eval dataset loaded in  0.000 s.
Dataset length: 180.
[INFO: dataset.py:  142]: train dataset loaded in  0.000 s.
Dataset length: 180.
[INFO: dataset.py:  298]: eval dataset loaded in  0.000 s.
Dataset length: 180.
[INFO: dataset.py:  142]: train dataset loaded in  0.000 s.
Dataset length: 180.
[INFO: dataset.py:  298]: eval dataset loaded in  0.000 s.
Dataset length: 180.
[INFO: dataset.py:  142]: train dataset loaded in  0.000 s.
Dataset length: 180.
[INFO: dataset.py:  298]: eval dataset loaded in  0.000 s.
Dataset length: 180.
[INFO: dataset.py:  142]: train dataset loaded in  0.000 s.
Dataset length: 180.
[INFO: dataset.py:  298]: eval dataset loaded in  0.000 s.
Dataset length: 180.
[INFO: dataset.py:  142]: train dataset loaded in  0.000 s.
Dataset length: 180.
[INFO: dataset.py:  298]: eval dataset loaded in  0.000 s.
Dataset length: 180.
[INFO: dataset.py:  142]: train dataset loaded in  0.000 s.
Dataset length: 180.
[INFO: dataset.py:  298]: eval dataset loaded in  0.000 s.
Dataset length: 180.
[INFO: dataset.py:  142]: train dataset loaded in  0.000 s.
Dataset length: 180.
[INFO: dataset.py:  298]: eval dataset loaded in  0.000 s.
Dataset length: 180.
[INFO: dataset.py:  142]: train dataset loaded in  0.000 s.
Dataset length: 180.
[INFO: dataset.py:  298]: eval dataset loaded in  0.000 s.
Dataset length: 180.
[INFO: dataset.py:  142]: train dataset loaded in  0.000 s.
Dataset length: 180.
[INFO: dataset.py:  298]: eval dataset loaded in  0.000 s.
Dataset length: 180.
[INFO: dataset.py:  142]: train dataset loaded in  0.000 s.
Dataset length: 180.
[INFO: dataset.py:  298]: eval dataset loaded in  0.000 s.
Dataset length: 180.
[INFO: dataset.py:  142]: train dataset loaded in  0.000 s.
Dataset length: 180.
[INFO: dataset.py:  298]: eval dataset loaded in  0.000 s.
Dataset length: 180.
[INFO: dataset.py:  142]: train dataset loaded in  0.000 s.
Dataset length: 180.
[INFO: dataset.py:  298]: eval dataset loaded in  0.000 s.
Dataset length: 180.
[INFO: dataset.py:  142]: train dataset loaded in  0.000 s.
Dataset length: 180.
[INFO: dataset.py:  298]: eval dataset loaded in  0.000 s.
Dataset length: 180.
[INFO: dataset.py:  142]: train dataset loaded in  0.000 s.
Dataset length: 180.
[INFO: dataset.py:  298]: eval dataset loaded in  0.000 s.
Dataset length: 180.
[INFO: dataset.py:  142]: train dataset loaded in  0.000 s.
Dataset length: 180.
[INFO: dataset.py:  298]: eval dataset loaded in  0.000 s.
Dataset length: 180.
[INFO: dataset.py:  142]: train dataset loaded in  0.000 s.
Dataset length: 180.
[INFO: dataset.py:  298]: eval dataset loaded in  0.000 s.
Dataset length: 180.
[INFO: dataset.py:  142]: train dataset loaded in  0.000 s.
Dataset length: 180.
[INFO: dataset.py:  298]: eval dataset loaded in  0.000 s.
Dataset length: 180.
[INFO: dataset.py:  142]: train dataset loaded in  0.000 s.
Dataset length: 180.
[INFO: dataset.py:  298]: eval dataset loaded in  0.000 s.
Dataset length: 180.
[INFO: dataset.py:  142]: train dataset loaded in  0.000 s.
Dataset length: 180.
[INFO: dataset.py:  298]: eval dataset loaded in  0.000 s.
Dataset length: 180.
[INFO: dataset.py:  142]: train dataset loaded in  0.000 s.
Dataset length: 180.
[INFO: dataset.py:  298]: eval dataset loaded in  0.000 s.
Dataset length: 180.
[INFO: dataset.py:  142]: train dataset loaded in  0.000 s.
Dataset length: 180.
[INFO: dataset.py:  298]: eval dataset loaded in  0.000 s.
Dataset length: 180.
[INFO: dataset.py:  142]: train dataset loaded in  0.000 s.
Dataset length: 180.
[INFO: dataset.py:  298]: eval dataset loaded in  0.000 s.
Dataset length: 180.
[INFO: dataset.py:  142]: train dataset loaded in  0.000 s.
Dataset length: 180.
[INFO: dataset.py:  298]: eval dataset loaded in  0.000 s.
Dataset length: 180.
[INFO: dataset.py:  142]: train dataset loaded in  0.000 s.
Dataset length: 180.
[INFO: dataset.py:  298]: eval dataset loaded in  0.000 s.
Dataset length: 180.
[INFO: dataset.py:  142]: train dataset loaded in  0.000 s.
Dataset length: 180.
[INFO: dataset.py:  298]: eval dataset loaded in  0.000 s.
Dataset length: 180.
[INFO: dataset.py:  142]: train dataset loaded in  0.000 s.
Dataset length: 180.
[INFO: dataset.py:  298]: eval dataset loaded in  0.000 s.
Dataset length: 180.
[INFO: dataset.py:  142]: train dataset loaded in  0.000 s.
Dataset length: 180.
[INFO: dataset.py:  298]: eval dataset loaded in  0.000 s.
Dataset length: 180.
[INFO: dataset.py:  142]: train dataset loaded in  0.000 s.
Dataset length: 180.
[INFO: dataset.py:  298]: eval dataset loaded in  0.000 s.
Dataset length: 180.
[INFO: dataset.py:  142]: train dataset loaded in  0.000 s.
Dataset length: 180.
[INFO: dataset.py:  298]: eval dataset loaded in  0.000 s.
Dataset length: 180.
[INFO: dataset.py:  142]: train dataset loaded in  0.000 s.
Dataset length: 180.
[INFO: dataset.py:  298]: eval dataset loaded in  0.000 s.
Dataset length: 180.
[INFO: dataset.py:  142]: train dataset loaded in  0.000 s.
Dataset length: 180.
[INFO: dataset.py:  298]: eval dataset loaded in  0.000 s.
Dataset length: 180.
[INFO: dataset.py:  142]: train dataset loaded in  0.000 s.
Dataset length: 180.
[INFO: dataset.py:  298]: eval dataset loaded in  0.000 s.
Dataset length: 180.
[INFO: dataset.py:  142]: train dataset loaded in  0.000 s.
Dataset length: 180.
[INFO: dataset.py:  298]: eval dataset loaded in  0.000 s.
Dataset length: 180.
[INFO: dataset.py:  142]: train dataset loaded in  0.000 s.
Dataset length: 180.
[INFO: dataset.py:  298]: eval dataset loaded in  0.000 s.
Dataset length: 180.
[INFO: dataset.py:  142]: train dataset loaded in  0.000 s.
Dataset length: 180.
[INFO: dataset.py:  298]: eval dataset loaded in  0.000 s.
Dataset length: 180.
[INFO: dataset.py:  142]: train dataset loaded in  0.000 s.
Dataset length: 180.
[INFO: dataset.py:  298]: eval dataset loaded in  0.000 s.
Dataset length: 180.
[INFO: dataset.py:  142]: train dataset loaded in  0.000 s.
Dataset length: 180.
[INFO: dataset.py:  298]: eval dataset loaded in  0.000 s.
Dataset length: 180.
[INFO: dataset.py:  142]: train dataset loaded in  0.000 s.
Dataset length: 180.
[INFO: dataset.py:  298]: eval dataset loaded in  0.000 s.
Dataset length: 180.
[INFO: dataset.py:  142]: train dataset loaded in  0.000 s.
Dataset length: 180.
[INFO: dataset.py:  298]: eval dataset loaded in  0.000 s.
Dataset length: 180.
[INFO: dataset.py:  142]: train dataset loaded in  0.000 s.
Dataset length: 180.
[INFO: dataset.py:  298]: eval dataset loaded in  0.000 s.
Dataset length: 180.
[INFO: dataset.py:  142]: train dataset loaded in  0.000 s.
Dataset length: 180.
[INFO: dataset.py:  298]: eval dataset loaded in  0.000 s.
Dataset length: 180.
[INFO: dataset.py:  142]: train dataset loaded in  0.000 s.
Dataset length: 180.
[INFO: dataset.py:  298]: eval dataset loaded in  0.000 s.
Dataset length: 180.
[INFO: dataset.py:  142]: train dataset loaded in  0.000 s.
Dataset length: 180.
[INFO: dataset.py:  298]: eval dataset loaded in  0.000 s.
Dataset length: 180.
[INFO: dataset.py:  142]: train dataset loaded in  0.000 s.
Dataset length: 180.
[INFO: dataset.py:  298]: eval dataset loaded in  0.000 s.
Dataset length: 180.
[INFO: dataset.py:  142]: train dataset loaded in  0.000 s.
Dataset length: 180.
[INFO: dataset.py:  298]: eval dataset loaded in  0.000 s.
Dataset length: 180.
[INFO: dataset.py:  142]: train dataset loaded in  0.000 s.
Dataset length: 180.
[INFO: dataset.py:  298]: eval dataset loaded in  0.000 s.
Dataset length: 180.
[INFO: dataset.py:  142]: train dataset loaded in  0.000 s.
Dataset length: 180.
[INFO: dataset.py:  298]: eval dataset loaded in  0.000 s.
Dataset length: 180.
[INFO: dataset.py:  142]: train dataset loaded in  0.000 s.
Dataset length: 180.
[INFO: dataset.py:  298]: eval dataset loaded in  0.000 s.
Dataset length: 180.
[INFO: dataset.py:  142]: train dataset loaded in  0.000 s.
Dataset length: 180.
[INFO: dataset.py:  298]: eval dataset loaded in  0.000 s.
Dataset length: 180.
[INFO: dataset.py:  142]: train dataset loaded in  0.000 s.
Dataset length: 180.
[INFO: dataset.py:  298]: eval dataset loaded in  0.000 s.
Dataset length: 180.
[INFO: dataset.py:  141]: train dataset loaded in  0.000 s.
Dataset length: 180.
[INFO: dataset.py:  297]: eval dataset loaded in  0.000 s.
Dataset length: 180.
[INFO: dataset.py:  141]: train dataset loaded in  0.000 s.
Dataset length: 180.
[INFO: dataset.py:  297]: eval dataset loaded in  0.000 s.
Dataset length: 180.
[INFO: dataset.py:  141]: train dataset loaded in  0.000 s.
Dataset length: 180.
[INFO: dataset.py:  297]: eval dataset loaded in  0.000 s.
Dataset length: 180.
[INFO: dataset.py:  141]: train dataset loaded in  0.000 s.
Dataset length: 180.
[INFO: dataset.py:  302]: eval dataset loaded in  0.000 s.
Dataset length: 180.
[INFO: dataset.py:  141]: train dataset loaded in  0.000 s.
Dataset length: 180.
[INFO: dataset.py:  302]: eval dataset loaded in  0.000 s.
Dataset length: 180.
[INFO: dataset.py:  141]: train dataset loaded in  0.000 s.
Dataset length: 180.
[INFO: dataset.py:  292]: eval dataset loaded in  0.000 s.
Dataset length: 180.
[INFO: dataset.py:  141]: train dataset loaded in  0.000 s.
Dataset length: 180.
[INFO: dataset.py:  292]: eval dataset loaded in  0.000 s.
Dataset length: 180.
[INFO: dataset.py:  141]: train dataset loaded in  0.000 s.
Dataset length: 180.
[INFO: dataset.py:  292]: eval dataset loaded in  0.000 s.
Dataset length: 180.
[INFO: dataset.py:  141]: train dataset loaded in  0.000 s.
Dataset length: 180.
[INFO: dataset.py:  292]: eval dataset loaded in  0.000 s.
Dataset length: 180.
[INFO: dataset.py:  141]: train dataset loaded in  0.000 s.
Dataset length: 180.
[INFO: dataset.py:  292]: eval dataset loaded in  0.000 s.
Dataset length: 180.
[INFO: dataset.py:  141]: train dataset loaded in  0.000 s.
Dataset length: 180.
[INFO: dataset.py:  292]: eval dataset loaded in  0.000 s.
Dataset length: 180.
[INFO: dataset.py:  141]: train dataset loaded in  0.000 s.
Dataset length: 180.
[INFO: dataset.py:  292]: eval dataset loaded in  0.000 s.
Dataset length: 180.
[INFO: dataset.py:  141]: train dataset loaded in  0.000 s.
Dataset length: 180.
[INFO: dataset.py:  292]: eval dataset loaded in  0.000 s.
Dataset length: 180.
[INFO: dataset.py:  141]: train dataset loaded in  0.000 s.
Dataset length: 180.
[INFO: dataset.py:  292]: eval dataset loaded in  0.000 s.
Dataset length: 180.
[INFO: dataset.py:  141]: train dataset loaded in  0.000 s.
Dataset length: 180.
[INFO: dataset.py:  292]: eval dataset loaded in  0.000 s.
Dataset length: 180.
[INFO: dataset.py:  141]: train dataset loaded in  0.000 s.
Dataset length: 180.
[INFO: dataset.py:  292]: eval dataset loaded in  0.000 s.
Dataset length: 180.
[INFO: dataset.py:  141]: train dataset loaded in  0.000 s.
Dataset length: 180.
[INFO: dataset.py:  292]: eval dataset loaded in  0.000 s.
Dataset length: 180.
[INFO: dataset.py:  141]: train dataset loaded in  0.000 s.
Dataset length: 180.
[INFO: dataset.py:  292]: eval dataset loaded in  0.000 s.
Dataset length: 180.
[INFO: dataset.py:  141]: train dataset loaded in  0.000 s.
Dataset length: 180.
[INFO: dataset.py:  292]: eval dataset loaded in  0.000 s.
Dataset length: 180.
[INFO: dataset.py:  141]: train dataset loaded in  0.000 s.
Dataset length: 180.
[INFO: dataset.py:  292]: eval dataset loaded in  0.000 s.
Dataset length: 180.
[INFO: dataset.py:  141]: train dataset loaded in  0.000 s.
Dataset length: 180.
[INFO: dataset.py:  292]: eval dataset loaded in  0.000 s.
Dataset length: 180.
[INFO: dataset.py:  141]: train dataset loaded in  0.000 s.
Dataset length: 180.
[INFO: dataset.py:  292]: eval dataset loaded in  0.000 s.
Dataset length: 180.
[INFO: dataset.py:  141]: train dataset loaded in  0.000 s.
Dataset length: 180.
[INFO: dataset.py:  292]: eval dataset loaded in  0.000 s.
Dataset length: 180.
[INFO: dataset.py:  142]: train dataset loaded in  0.000 s.
Dataset length: 180.
[INFO: dataset.py:  295]: eval dataset loaded in  0.000 s.
Dataset length: 180.
[INFO: dataset.py:  142]: train dataset loaded in  0.000 s.
Dataset length: 180.
[INFO: dataset.py:  295]: eval dataset loaded in  0.000 s.
Dataset length: 180.
[INFO: dataset.py:  142]: train dataset loaded in  0.000 s.
Dataset length: 180.
[INFO: dataset.py:  298]: eval dataset loaded in  0.000 s.
Dataset length: 180.
[INFO: dataset.py:  142]: train dataset loaded in  0.000 s.
Dataset length: 180.
[INFO: dataset.py:  298]: eval dataset loaded in  0.000 s.
Dataset length: 180.
[INFO: dataset.py:  142]: train dataset loaded in  0.000 s.
Dataset length: 180.
[INFO: dataset.py:  298]: eval dataset loaded in  0.000 s.
Dataset length: 180.
[INFO: dataset.py:  142]: train dataset loaded in  0.000 s.
Dataset length: 180.
[INFO: dataset.py:  298]: eval dataset loaded in  0.000 s.
Dataset length: 180.
[INFO: dataset.py:  142]: train dataset loaded in  0.000 s.
Dataset length: 180.
[INFO: dataset.py:  298]: eval dataset loaded in  0.000 s.
Dataset length: 180.
[INFO: dataset.py:  142]: train dataset loaded in  0.000 s.
Dataset length: 180.
[INFO: dataset.py:  298]: eval dataset loaded in  0.000 s.
Dataset length: 180.
[INFO: dataset.py:  142]: train dataset loaded in  0.000 s.
Dataset length: 180.
[INFO: dataset.py:  298]: eval dataset loaded in  0.000 s.
Dataset length: 180.
[INFO: dataset.py:  142]: train dataset loaded in  0.000 s.
Dataset length: 180.
[INFO: dataset.py:  298]: eval dataset loaded in  0.000 s.
Dataset length: 180.
[INFO: dataset.py:  142]: train dataset loaded in  0.000 s.
Dataset length: 180.
[INFO: dataset.py:  298]: eval dataset loaded in  0.000 s.
Dataset length: 180.
[INFO: dataset.py:  142]: train dataset loaded in  0.000 s.
Dataset length: 180.
[INFO: dataset.py:  298]: eval dataset loaded in  0.000 s.
Dataset length: 180.
[INFO: dataset.py:  142]: train dataset loaded in  0.000 s.
Dataset length: 180.
[INFO: dataset.py:  298]: eval dataset loaded in  0.000 s.
Dataset length: 180.
[INFO: dataset.py:  142]: train dataset loaded in  0.000 s.
Dataset length: 180.
[INFO: dataset.py:  142]: train dataset loaded in  0.000 s.
Dataset length: 180.
[INFO: dataset.py:  298]: eval dataset loaded in  0.000 s.
Dataset length: 180.
[INFO: dataset.py:  142]: train dataset loaded in  0.000 s.
Dataset length: 180.
[INFO: dataset.py:  298]: eval dataset loaded in  0.000 s.
Dataset length: 180.
[WARNING: legend.py: 1363]: No artists with labels found to put in legend.  Note that artists whose label start with an underscore are ignored when legend() is called with no argument.
